<?xml version="1.0" encoding="UTF-8"?>
<testsuite xmlns:xsi="http://www.w3.org/2001/XMLSchema-instance" xsi:noNamespaceSchemaLocation="https://maven.apache.org/surefire/maven-surefire-plugin/xsd/surefire-test-report-3.0.xsd" version="3.0" name="aiss.peertubeminer.service.peertube.VideoServiceTest" time="0.626" tests="3" errors="0" skipped="0" failures="0">
  <properties>
[...]
</properties>
  <testcase name="getCompleteVideoInfo" classname="aiss.peertubeminer.service.peertube.VideoServiceTest" time="0.245">
    <system-out><![CDATA[2026-05-02T15:20:43.502+02:00  INFO 29172 --- [peertubeminer] [           main] t.c.s.AnnotationConfigContextLoaderUtils : Could not detect default configuration classes for test class [aiss.peertubeminer.service.peertube.VideoServiceTest]: VideoServiceTest does not declare any static, non-private, non-final, nested classes annotated with @Configuration.
2026-05-02T15:20:43.505+02:00  INFO 29172 --- [peertubeminer] [           main] .b.t.c.SpringBootTestContextBootstrapper : Found @SpringBootConfiguration aiss.peertubeminer.PeertubeminerApplication for test class aiss.peertubeminer.service.peertube.VideoServiceTest
Video {
    id=110571,
    name='Star Citizen bug - Refined cargo permanently stuck at ship cargo grid',
    description='"You can mine during this event, no shots needs to be fired to participate in this FOMO-event!" said CIG...

But alas, here we are - broken cargo grid that won't allow me to detach my refined cargo. Several hours of mining wasted. Storing/retrieving and even blowing up the ship returns the same result, cargo stuck...

Sometimes I hate this game 😒',
    publishedAt='2025-03-05T01:41:35.657Z',
    account=Account {
    id=606,
    name='bloodaxe',
    url='https://peertube.linuxrocks.online/accounts/bloodaxe',
    avatars=[aiss.peertubeminer.model.peertube.Avatar@7091a016[fileUrl=https://peertube.tv/lazy-static/avatars/80747be1-6a7f-4155-9c24-96f8bf08f800.png], aiss.peertubeminer.model.peertube.Avatar@14580edc[fileUrl=https://peertube.tv/lazy-static/avatars/f2916fe1-88ce-4220-9caf-a6b0cf6ea189.png]]
},
    captions=[],
    comments=[]
}
]]></system-out>
  </testcase>
  <testcase name="getChannelVideos" classname="aiss.peertubeminer.service.peertube.VideoServiceTest" time="0.177">
    <system-out><![CDATA[Number of videos: 8
[Video {
    id=21856,
    name='Alien: Isolation live on iOS - 1/9/2023, 10:17:06 PM',
    description='HOW WILL YOU SURVIVE? Discover the true meaning of fear in Alien: Isolation, a survival horror set in an atmosphere of constant dread and mortal danger.',
    publishedAt='2023-01-09T22:32:41.126Z',
    account=Account {
    id=3,
    name='stux',
    url='https://peertube.tv/accounts/stux',
    avatars=[aiss.peertubeminer.model.peertube.Avatar@51bc649e[fileUrl=https://peertube.tv/lazy-static/avatars/f8463b3f-2e2e-4f36-8bd3-fa9c0ef4f463.png], aiss.peertubeminer.model.peertube.Avatar@7f09ff10[fileUrl=https://peertube.tv/lazy-static/avatars/550ff2f0-5cf9-4b1c-ade5-faa4a4767702.png], aiss.peertubeminer.model.peertube.Avatar@531b1778[fileUrl=https://peertube.tv/lazy-static/avatars/66ead115-1c4d-474e-ae62-4a10d17cf817.png], aiss.peertubeminer.model.peertube.Avatar@ecfff32[fileUrl=https://peertube.tv/lazy-static/avatars/9009b4bd-38e9-4828-b384-1043697e3b6c.png]]
},
    captions=null,
    comments=null
}, Video {
    id=21855,
    name='Alien: Isolation live on iOS - 1/9/2023, 9:51:45 PM',
    description='HOW WILL YOU SURVIVE? Discover the true meaning of fear in Alien: Isolation, a survival horror set in an atmosphere of constant dread and mortal danger.',
    publishedAt='2023-01-09T22:21:23.816Z',
    account=Account {
    id=3,
    name='stux',
    url='https://peertube.tv/accounts/stux',
    avatars=[aiss.peertubeminer.model.peertube.Avatar@3c65f2e1[fileUrl=https://peertube.tv/lazy-static/avatars/f8463b3f-2e2e-4f36-8bd3-fa9c0ef4f463.png], aiss.peertubeminer.model.peertube.Avatar@c247b02[fileUrl=https://peertube.tv/lazy-static/avatars/550ff2f0-5cf9-4b1c-ade5-faa4a4767702.png], aiss.peertubeminer.model.peertube.Avatar@78f1d29[fileUrl=https://peertube.tv/lazy-static/avatars/66ead115-1c4d-474e-ae62-4a10d17cf817.png], aiss.peertubeminer.model.peertube.Avatar@76c85485[fileUrl=https://peertube.tv/lazy-static/avatars/9009b4bd-38e9-4828-b384-1043697e3b6c.png]]
},
    captions=null,
    comments=null
}, Video {
    id=6032,
    name='Pickle-Kim',
    description='It's not super sad though',
    publishedAt='2023-01-02T17:26:13.298Z',
    account=Account {
    id=3,
    name='stux',
    url='https://peertube.tv/accounts/stux',
    avatars=[aiss.peertubeminer.model.peertube.Avatar@65294247[fileUrl=https://peertube.tv/lazy-static/avatars/f8463b3f-2e2e-4f36-8bd3-fa9c0ef4f463.png], aiss.peertubeminer.model.peertube.Avatar@4a7ac98b[fileUrl=https://peertube.tv/lazy-static/avatars/550ff2f0-5cf9-4b1c-ade5-faa4a4767702.png], aiss.peertubeminer.model.peertube.Avatar@35e3f3b8[fileUrl=https://peertube.tv/lazy-static/avatars/66ead115-1c4d-474e-ae62-4a10d17cf817.png], aiss.peertubeminer.model.peertube.Avatar@13bf5fd[fileUrl=https://peertube.tv/lazy-static/avatars/9009b4bd-38e9-4828-b384-1043697e3b6c.png]]
},
    captions=null,
    comments=null
}, Video {
    id=6014,
    name='High on Life Game',
    description='Sounds familiar doesn’t it?',
    publishedAt='2023-01-02T17:13:29.238Z',
    account=Account {
    id=3,
    name='stux',
    url='https://peertube.tv/accounts/stux',
    avatars=[aiss.peertubeminer.model.peertube.Avatar@2eafb4e7[fileUrl=https://peertube.tv/lazy-static/avatars/f8463b3f-2e2e-4f36-8bd3-fa9c0ef4f463.png], aiss.peertubeminer.model.peertube.Avatar@32050628[fileUrl=https://peertube.tv/lazy-static/avatars/550ff2f0-5cf9-4b1c-ade5-faa4a4767702.png], aiss.peertubeminer.model.peertube.Avatar@18d14de3[fileUrl=https://peertube.tv/lazy-static/avatars/66ead115-1c4d-474e-ae62-4a10d17cf817.png], aiss.peertubeminer.model.peertube.Avatar@469bd719[fileUrl=https://peertube.tv/lazy-static/avatars/9009b4bd-38e9-4828-b384-1043697e3b6c.png]]
},
    captions=null,
    comments=null
}, Video {
    id=5638,
    name='The brain plan',
    description='null',
    publishedAt='2023-01-02T11:26:57.201Z',
    account=Account {
    id=3,
    name='stux',
    url='https://peertube.tv/accounts/stux',
    avatars=[aiss.peertubeminer.model.peertube.Avatar@15405ba1[fileUrl=https://peertube.tv/lazy-static/avatars/f8463b3f-2e2e-4f36-8bd3-fa9c0ef4f463.png], aiss.peertubeminer.model.peertube.Avatar@f6e3b67[fileUrl=https://peertube.tv/lazy-static/avatars/550ff2f0-5cf9-4b1c-ade5-faa4a4767702.png], aiss.peertubeminer.model.peertube.Avatar@1dc2c13c[fileUrl=https://peertube.tv/lazy-static/avatars/66ead115-1c4d-474e-ae62-4a10d17cf817.png], aiss.peertubeminer.model.peertube.Avatar@579ee82[fileUrl=https://peertube.tv/lazy-static/avatars/9009b4bd-38e9-4828-b384-1043697e3b6c.png]]
},
    captions=null,
    comments=null
}, Video {
    id=5404,
    name='The News, in 480p, bloopers and lol!',
    description='A good way to test uploads.',
    publishedAt='2023-01-02T10:43:48.160Z',
    account=Account {
    id=3,
    name='stux',
    url='https://peertube.tv/accounts/stux',
    avatars=[aiss.peertubeminer.model.peertube.Avatar@127320df[fileUrl=https://peertube.tv/lazy-static/avatars/f8463b3f-2e2e-4f36-8bd3-fa9c0ef4f463.png], aiss.peertubeminer.model.peertube.Avatar@6c3884f5[fileUrl=https://peertube.tv/lazy-static/avatars/550ff2f0-5cf9-4b1c-ade5-faa4a4767702.png], aiss.peertubeminer.model.peertube.Avatar@6778636f[fileUrl=https://peertube.tv/lazy-static/avatars/66ead115-1c4d-474e-ae62-4a10d17cf817.png], aiss.peertubeminer.model.peertube.Avatar@2dbf8cfc[fileUrl=https://peertube.tv/lazy-static/avatars/9009b4bd-38e9-4828-b384-1043697e3b6c.png]]
},
    captions=null,
    comments=null
}, Video {
    id=5368,
    name='The Internet',
    description='null',
    publishedAt='2023-01-02T10:41:12.558Z',
    account=Account {
    id=3,
    name='stux',
    url='https://peertube.tv/accounts/stux',
    avatars=[aiss.peertubeminer.model.peertube.Avatar@26c1244c[fileUrl=https://peertube.tv/lazy-static/avatars/f8463b3f-2e2e-4f36-8bd3-fa9c0ef4f463.png], aiss.peertubeminer.model.peertube.Avatar@e76134d[fileUrl=https://peertube.tv/lazy-static/avatars/550ff2f0-5cf9-4b1c-ade5-faa4a4767702.png], aiss.peertubeminer.model.peertube.Avatar@2a317af7[fileUrl=https://peertube.tv/lazy-static/avatars/66ead115-1c4d-474e-ae62-4a10d17cf817.png], aiss.peertubeminer.model.peertube.Avatar@7b38db21[fileUrl=https://peertube.tv/lazy-static/avatars/9009b4bd-38e9-4828-b384-1043697e3b6c.png]]
},
    captions=null,
    comments=null
}, Video {
    id=5326,
    name='A beautiful timelapse',
    description='Found somewhere on the web!',
    publishedAt='2023-01-02T10:38:40.879Z',
    account=Account {
    id=3,
    name='stux',
    url='https://peertube.tv/accounts/stux',
    avatars=[aiss.peertubeminer.model.peertube.Avatar@54f4734e[fileUrl=https://peertube.tv/lazy-static/avatars/f8463b3f-2e2e-4f36-8bd3-fa9c0ef4f463.png], aiss.peertubeminer.model.peertube.Avatar@6a26eee6[fileUrl=https://peertube.tv/lazy-static/avatars/550ff2f0-5cf9-4b1c-ade5-faa4a4767702.png], aiss.peertubeminer.model.peertube.Avatar@4be1c797[fileUrl=https://peertube.tv/lazy-static/avatars/66ead115-1c4d-474e-ae62-4a10d17cf817.png], aiss.peertubeminer.model.peertube.Avatar@76bdfc19[fileUrl=https://peertube.tv/lazy-static/avatars/9009b4bd-38e9-4828-b384-1043697e3b6c.png]]
},
    captions=null,
    comments=null
}]
]]></system-out>
  </testcase>
  <testcase name="getVideo" classname="aiss.peertubeminer.service.peertube.VideoServiceTest" time="0.182">
    <system-out><![CDATA[Video {
    id=35602,
    name='OpenAndroidInstaller demo: Install LineageOS on Google Pixel 3a',
    description='In this demo video, I showcase how the OpenAndroidInstaller 0.4.0-beta works.
The tool is used to unlock the bootloader of the Google Pixel 3a (sargo) and then install LineageOS on it.',
    publishedAt='2023-02-25T17:39:14.444Z',
    account=Account {
    id=9737,
    name='openandroidinstaller_dev',
    url='https://peertube.tv/accounts/openandroidinstaller_dev',
    avatars=[aiss.peertubeminer.model.peertube.Avatar@1248f83[fileUrl=https://peertube.tv/lazy-static/avatars/68876988-120c-43fa-8794-34220ac0a356.png], aiss.peertubeminer.model.peertube.Avatar@5c28009f[fileUrl=https://peertube.tv/lazy-static/avatars/92da9f8c-7f38-4f72-bdee-46740da7c115.png], aiss.peertubeminer.model.peertube.Avatar@19b0a9f2[fileUrl=https://peertube.tv/lazy-static/avatars/d9a01c0b-a795-4b57-9576-95174e3dc878.png], aiss.peertubeminer.model.peertube.Avatar@f4c3e9[fileUrl=https://peertube.tv/lazy-static/avatars/6717b3f4-7b20-46db-9899-de89a14751e5.png]]
},
    captions=null,
    comments=null
}
]]></system-out>
  </testcase>
</testsuite>